Create Load Balancer Server
HTTP/1.1 201 Created
Server: nginx/1.0.14
Date: Mon, 11 Mar 2013 14:08:55 GMT
Content-Type: text/html; charset=utf-8
Transfer-Encoding: chunked
Connection: keep-alive
Status: 201 Created
Location: /api/servers/670346003
X-Runtime: 760
X-Request-Uuid: 38459db0076a42069b1671071c91bcae
Set-Cookie: 
Cache-Control: no-cache

 Create Application Server
HTTP/1.1 201 Created
Server: nginx/1.0.14
Date: Mon, 11 Mar 2013 14:08:56 GMT
Content-Type: text/html; charset=utf-8
Transfer-Encoding: chunked
Connection: keep-alive
Status: 201 Created
Location: /api/servers/670347003
X-Runtime: 683
X-Request-Uuid: 6310c92234d64e6e9d7c1af0bc9e8547
Set-Cookie: 
Cache-Control: no-cache

 Create Database Server
HTTP/1.1 201 Created
Server: nginx/1.0.14
Date: Mon, 11 Mar 2013 14:08:57 GMT
Content-Type: text/html; charset=utf-8
Transfer-Encoding: chunked
Connection: keep-alive
Status: 201 Created
Location: /api/servers/670348003
X-Runtime: 382
X-Request-Uuid: 42205ec49d4343afa18ac3250e51647a
Set-Cookie: 
Cache-Control: no-cache

 