***Importing Load Balancer ServerTemplate***
HTTP/1.1 201 Created
Server: nginx/1.0.14
Date: Mon, 11 Mar 2013 11:38:16 GMT
Content-Type: text/html; charset=utf-8
Transfer-Encoding: chunked
Connection: keep-alive
Status: 201 Created
Location: /api/server_templates/282921003
X-Runtime: 9724
X-Request-Uuid: 91bb51d71977498fb8193e38da1ce214
Set-Cookie: 
Cache-Control: no-cache

 ***Importing Application Server ServerTemplate***
HTTP/1.1 201 Created
Server: nginx/1.0.14
Date: Mon, 11 Mar 2013 11:38:26 GMT
Content-Type: text/html; charset=utf-8
Transfer-Encoding: chunked
Connection: keep-alive
Status: 201 Created
Location: /api/server_templates/282922003
X-Runtime: 9099
X-Request-Uuid: f53bda3a030b4780a39fc049dfa45ac2
Set-Cookie: 
Cache-Control: no-cache

 ***Importing Database ServerTemplate***
HTTP/1.1 201 Created
Server: nginx/1.0.14
Date: Mon, 11 Mar 2013 11:38:36 GMT
Content-Type: text/html; charset=utf-8
Transfer-Encoding: chunked
Connection: keep-alive
Status: 201 Created
Location: /api/server_templates/282920003
X-Runtime: 9996
X-Request-Uuid: 2b42652a2ccf481ba519addd409ac40f
Set-Cookie: 
Cache-Control: no-cache

 