 Load Balancer ServerTemplate
HTTP/1.1 201 Created
Server: nginx/1.0.14
Date: Tue, 12 Mar 2013 15:08:22 GMT
Content-Type: text/html; charset=utf-8
Transfer-Encoding: chunked
Connection: keep-alive
Status: 201 Created
Location: /api/server_templates/282920003
X-Runtime: 9857
X-Request-Uuid: e32cd0ad8fce4952b67dc03bf5ec336c
Set-Cookie: 
Cache-Control: no-cache

 Application Server ServerTemplate
HTTP/1.1 201 Created
Server: nginx/1.0.14
Date: Tue, 12 Mar 2013 15:08:37 GMT
Content-Type: text/html; charset=utf-8
Transfer-Encoding: chunked
Connection: keep-alive
Status: 201 Created
Location: /api/server_templates/282922003
X-Runtime: 15068
X-Request-Uuid: a102e0ac92194b64955587abfd3f74ff
Set-Cookie: 
Cache-Control: no-cache

 Database ServerTemplate
HTTP/1.1 201 Created
Server: nginx/1.0.14
Date: Tue, 12 Mar 2013 15:08:52 GMT
Content-Type: text/html; charset=utf-8
Transfer-Encoding: chunked
Connection: keep-alive
Status: 201 Created
Location: /api/server_templates/282921003
X-Runtime: 14511
X-Request-Uuid: 00530e83f03b4207a09c0cface6ff3c4
Set-Cookie: 
Cache-Control: no-cache

 
