Renaming cloned Load Balancer Server
HTTP/1.1 204 No Content
Server: nginx/1.0.14
Date: Sun, 24 Mar 2013 17:01:12 GMT
Connection: keep-alive
Status: 204 No Content
X-Runtime: 64
X-Request-Uuid: 5ae3996cc0fc455b8b14e706804f5993
Set-Cookie: 
Cache-Control: no-cache

Renaming cloned Application Server
HTTP/1.1 204 No Content
Server: nginx/1.0.14
Date: Sun, 24 Mar 2013 17:01:13 GMT
Connection: keep-alive
Status: 204 No Content
X-Runtime: 87
X-Request-Uuid: 7cdf25e82d684197b80ac648d1f1f452
Set-Cookie: 
Cache-Control: no-cache

