HTTP/1.1 422 Unprocessable Entity
Server: nginx/1.0.14
Date: Fri, 22 Mar 2013 17:29:19 GMT
Content-Type: text/html; charset=utf-8
Transfer-Encoding: chunked
Connection: keep-alive
Status: 422 Unprocessable Entity
X-Request-Uuid: 7c87d31e10564a56b0b6cd88f26b7ed8
Set-Cookie: 
Cache-Control: no-cache

ResourceNotFound: For href /api/deployments/350944003HTTP/1.1 422 Unprocessable Entity
Server: nginx/1.0.14
Date: Fri, 22 Mar 2013 17:29:19 GMT
Content-Type: text/html; charset=utf-8
Transfer-Encoding: chunked
Connection: keep-alive
Status: 422 Unprocessable Entity
X-Request-Uuid: c369eddbd0a24ae4a8fec09f8259ad52
Set-Cookie: 
Cache-Control: no-cache

ResourceNotFound: For href /api/deployments/350944003HTTP/1.1 422 Unprocessable Entity
Server: nginx/1.0.14
Date: Fri, 22 Mar 2013 17:29:20 GMT
Content-Type: text/html; charset=utf-8
Transfer-Encoding: chunked
Connection: keep-alive
Status: 422 Unprocessable Entity
X-Request-Uuid: 9087d427ecdc47e6b0c0a4b08cf9ac48
Set-Cookie: 
Cache-Control: no-cache

ResourceNotFound: For href /api/deployments/350944003