Cloning Load Balancer Server
HTTP/1.1 201 Created
Server: nginx/1.0.14
Date: Mon, 11 Mar 2013 15:13:30 GMT
Content-Type: text/html; charset=utf-8
Transfer-Encoding: chunked
Connection: keep-alive
Status: 201 Created
Location: /api/servers/670352003
X-Runtime: 249
X-Request-Uuid: b3a10634726a4116bd1c98c49aad950c
Set-Cookie: rs_gbl=eNotkMtugkAYRt9l1k7CPzPoQNIFRsKlULXQ2nbTwACiaYf7RQzvXky6_JLvnMW5owjpqGswRSuUNEi_LyOtkU4YY3ReoVYgHeiaKsA4KCt0SZY_jWIeCVAwj1QFA6QEc41RDIQC1QhXkzRZfG36zxKiPNhFj6y-fquLC-c37JxvRlhVnX2QmLv9wZmO1I0h3GTlBeT4K3232ZRNEMC19T7t0DoB1NrzuyTuzndUr6vGsu-tXb2fRlwVgWmYTuUfS2akfcOj8dUbuiEHQc7fnpCGEZcyyb7GaZ98bAeitNf6FORs-6Oatty4GbOmo5XnbS7EEBsvqvP0SDI-kkRCFJ1skb4mGufz_AeowF5C; domain=.rightscale.com; path=/; HttpOnly
Cache-Control: no-cache

 Cloning Application Server
HTTP/1.1 201 Created
Server: nginx/1.0.14
Date: Mon, 11 Mar 2013 15:13:30 GMT
Content-Type: text/html; charset=utf-8
Transfer-Encoding: chunked
Connection: keep-alive
Status: 201 Created
Location: /api/servers/670353003
X-Runtime: 140
X-Request-Uuid: 1933e9434b3b42ef84b4715795f183c3
Set-Cookie: rs_gbl=eNotkMtugkAYRt9l1k7CPzPoQNIFRsKlULXQ2nbTwACiaYf7RQzvXky6_JLvnMW5owjpqGswRSuUNEi_LyOtkU4YY3ReoVYgHeiaKsA4KCt0SZY_jWIeCVAwj1QFA6QEc41RDIQC1QhXkzRZfG36zxKiPNhFj6y-fquLC-c37JxvRlhVnX2QmLv9wZmO1I0h3GTlBeT4K3232ZRNEMC19T7t0DoB1NrzuyTuzndUr6vGsu-tXb2fRlwVgWmYTuUfS2akfcOj8dUbuiEHQc7fnpCGEZcyyb7GaZ98bAeitNf6FORs-6Oatty4GbOmo5XnbS7EEBsvqvP0SDI-kkRCFJ1skb4mGufz_AeowF5C; domain=.rightscale.com; path=/; HttpOnly
Cache-Control: no-cache

 