HTTP/1.1 204 No Content
Server: nginx/1.0.14
Date: Wed, 17 Apr 2013 17:18:16 GMT
Connection: keep-alive
Status: 204 No Content
X-Runtime: 41
X-Request-Uuid: 031f5f9f97424f5e8ae552c1983305f1
Set-Cookie: rs_gbl=eNotkMtugkAYRt9l1kwy8w8Ol6SbCqjUVJBBSzeGy4CC8cJFUOO7F5Muv-Q7Z3GeKEYm6hrMkIKyBpnPccgamaCqKnspqE2RSRnnQA1icAUdsvGvkRxymkgca5qBKZWAE5oCpsAoM0CfZDIbfa38Z4HDmx31KHHA3Z6qLzIpqrIrIlbMerHaOWsQGtj0s91fmqF325sohR96iUZDv_wNj4vM2j8uO7mKGldV8RWLFbNzz-ouQQz8vCd3vtzca30W1Mc4XuNh4Zy_b9QvN6yvs3BOMJNGML3f9J9G3XrLE6mt-Szq7cqxRa9bpHanopqK4lhZ4bXyDl3x8U4yvJPEaXruTi0yGaMavF5_XeNc_g%3D%3D; domain=.rightscale.com; path=/; HttpOnly
Cache-Control: no-cache

HTTP/1.1 204 No Content
Server: nginx/1.0.14
Date: Wed, 17 Apr 2013 17:18:16 GMT
Connection: keep-alive
Status: 204 No Content
X-Runtime: 39
X-Request-Uuid: 75ea99c0737c4620aed138948dcc8ae8
Set-Cookie: rs_gbl=eNotkMtugkAYRt9l1kwy8w8Ol6SbCqjUVJBBSzeGy4CC8cJFUOO7F5Muv-Q7Z3GeKEYm6hrMkIKyBpnPccgamaCqKnspqE2RSRnnQA1icAUdsvGvkRxymkgca5qBKZWAE5oCpsAoM0CfZDIbfa38Z4HDmx31KHHA3Z6qLzIpqrIrIlbMerHaOWsQGtj0s91fmqF325sohR96iUZDv_wNj4vM2j8uO7mKGldV8RWLFbNzz-ouQQz8vCd3vtzca30W1Mc4XuNh4Zy_b9QvN6yvs3BOMJNGML3f9J9G3XrLE6mt-Szq7cqxRa9bpHanopqK4lhZ4bXyDl3x8U4yvJPEaXruTi0yGaMavF5_XeNc_g%3D%3D; domain=.rightscale.com; path=/; HttpOnly
Cache-Control: no-cache

HTTP/1.1 204 No Content
Server: nginx/1.0.14
Date: Wed, 17 Apr 2013 17:18:16 GMT
Connection: keep-alive
Status: 204 No Content
X-Runtime: 42
X-Request-Uuid: 68002bfab49e4360bc17837447880054
Set-Cookie: rs_gbl=eNotkMtugkAYRt9l1kwy8w8Ol6SbCqjUVJBBSzeGy4CC8cJFUOO7F5Muv-Q7Z3GeKEYm6hrMkIKyBpnPccgamaCqKnspqE2RSRnnQA1icAUdsvGvkRxymkgca5qBKZWAE5oCpsAoM0CfZDIbfa38Z4HDmx31KHHA3Z6qLzIpqrIrIlbMerHaOWsQGtj0s91fmqF325sohR96iUZDv_wNj4vM2j8uO7mKGldV8RWLFbNzz-ouQQz8vCd3vtzca30W1Mc4XuNh4Zy_b9QvN6yvs3BOMJNGML3f9J9G3XrLE6mt-Szq7cqxRa9bpHanopqK4lhZ4bXyDl3x8U4yvJPEaXruTi0yGaMavF5_XeNc_g%3D%3D; domain=.rightscale.com; path=/; HttpOnly
Cache-Control: no-cache

HTTP/1.1 204 No Content
Server: nginx/1.0.14
Date: Wed, 17 Apr 2013 17:18:16 GMT
Connection: keep-alive
Status: 204 No Content
X-Runtime: 55
X-Request-Uuid: 09c8a10a72774f4ea399be7935c6177a
Set-Cookie: rs_gbl=eNotkMtugkAYRt9l1kwy8w8Ol6SbCqjUVJBBSzeGy4CC8cJFUOO7F5Muv-Q7Z3GeKEYm6hrMkIKyBpnPccgamaCqKnspqE2RSRnnQA1icAUdsvGvkRxymkgca5qBKZWAE5oCpsAoM0CfZDIbfa38Z4HDmx31KHHA3Z6qLzIpqrIrIlbMerHaOWsQGtj0s91fmqF325sohR96iUZDv_wNj4vM2j8uO7mKGldV8RWLFbNzz-ouQQz8vCd3vtzca30W1Mc4XuNh4Zy_b9QvN6yvs3BOMJNGML3f9J9G3XrLE6mt-Szq7cqxRa9bpHanopqK4lhZ4bXyDl3x8U4yvJPEaXruTi0yGaMavF5_XeNc_g%3D%3D; domain=.rightscale.com; path=/; HttpOnly
Cache-Control: no-cache

HTTP/1.1 100 Continue

HTTP/1.1 204 No Content
Server: nginx/1.0.14
Date: Wed, 17 Apr 2013 17:18:16 GMT
Connection: keep-alive
Status: 204 No Content
X-Runtime: 44
X-Request-Uuid: ad249f2160484f3b8bdb1a37349976b7
Set-Cookie: rs_gbl=eNotkMtugkAYRt9l1kwy8w8Ol6SbCqjUVJBBSzeGy4CC8cJFUOO7F5Muv-Q7Z3GeKEYm6hrMkIKyBpnPccgamaCqKnspqE2RSRnnQA1icAUdsvGvkRxymkgca5qBKZWAE5oCpsAoM0CfZDIbfa38Z4HDmx31KHHA3Z6qLzIpqrIrIlbMerHaOWsQGtj0s91fmqF325sohR96iUZDv_wNj4vM2j8uO7mKGldV8RWLFbNzz-ouQQz8vCd3vtzca30W1Mc4XuNh4Zy_b9QvN6yvs3BOMJNGML3f9J9G3XrLE6mt-Szq7cqxRa9bpHanopqK4lhZ4bXyDl3x8U4yvJPEaXruTi0yGaMavF5_XeNc_g%3D%3D; domain=.rightscale.com; path=/; HttpOnly
Cache-Control: no-cache

HTTP/1.1 204 No Content
Server: nginx/1.0.14
Date: Wed, 17 Apr 2013 17:18:17 GMT
Connection: keep-alive
Status: 204 No Content
X-Runtime: 49
X-Request-Uuid: 47b5915a62794ec390ccaa741c562300
Set-Cookie: rs_gbl=eNotkMmOgkAABf-lz5L0giAkc0AjqMOmMiheDNAtoALagizGfxeTOb7kVR3qBUKggvohEDAC9AHU1zAYByoWRZG8R6CKgYqIJGGkQEUegYwOfxme8AlFTAhlWREQYliIUIwFhAkiCp6MKaODr2L_LJbwlx30ICrHTZE-POdW3blXd956MQmMmcC1K6JJlXdxf3SDqZgdfrVSthp3MzkE9tZKOOyQa3X6JjdnF9sJ9FUOE28Pz06xunh3pGPDS9NlQ57U5Mc68seMX3k4z8q1b-pWmuTilO72T6mYavVy0RhnRuGfdnP22_m61_G8zZbQbrU-MfydS2a-9vNN0n6ThHFc1kUFVEKQjN_vD0JaXi4%3D; domain=.rightscale.com; path=/; HttpOnly
Cache-Control: no-cache

HTTP/1.1 204 No Content
Server: nginx/1.0.14
Date: Wed, 17 Apr 2013 17:18:17 GMT
Connection: keep-alive
Status: 204 No Content
X-Runtime: 43
X-Request-Uuid: ed62a64d82f24fcfad09e0cb4fa13d96
Set-Cookie: rs_gbl=eNotkMmOgkAABf-lz5L0giAkc0AjqMOmMiheDNAtoALagizGfxeTOb7kVR3qBUKggvohEDAC9AHU1zAYByoWRZG8R6CKgYqIJGGkQEUegYwOfxme8AlFTAhlWREQYliIUIwFhAkiCp6MKaODr2L_LJbwlx30ICrHTZE-POdW3blXd956MQmMmcC1K6JJlXdxf3SDqZgdfrVSthp3MzkE9tZKOOyQa3X6JjdnF9sJ9FUOE28Pz06xunh3pGPDS9NlQ57U5Mc68seMX3k4z8q1b-pWmuTilO72T6mYavVy0RhnRuGfdnP22_m61_G8zZbQbrU-MfydS2a-9vNN0n6ThHFc1kUFVEKQjN_vD0JaXi4%3D; domain=.rightscale.com; path=/; HttpOnly
Cache-Control: no-cache

