HTTP/1.1 204 No Content
Server: nginx/1.0.14
Date: Wed, 13 Mar 2013 10:42:24 GMT
Connection: keep-alive
Status: 204 No Content
X-Runtime: 45
X-Request-Uuid: cee4e26bf58748fdba5845847f903e1b
Set-Cookie: rs_gbl=eNo1kM1ugkAYRd9l1pIw8w0wkHShQCmiogJV2BBmGJG0xSrgb3z34qLLm9xzFueBCmShvlUAjVDZIusxDHlCFqGUwnOEOoEsDDpgAwOlI1SXw9_URGFSQhTG-U7BWBKF60RVMAEMJmFaKcvB18l_lmkvdtAj4ed8Zx4hcbymkhG2b_ja9Ibvh3XrriPjEgagFjX-rdRY-b40yX6Xz42YQt2HHyue0fdNZQdsv8zc2WY1_UodI7_eU5FoxKtkEWHg_DNvtkdv7aSTLHbP68VKs12bO5PT4j5u90GA6_us2wrhTefJjy9iFZYESMTCw40YzlkGbbDNqHh7Jbm-khRCHPqmQ5ZOTMaezz-rtFtS; domain=.rightscale.com; path=/; HttpOnly
Cache-Control: no-cache

HTTP/1.1 204 No Content
Server: nginx/1.0.14
Date: Wed, 13 Mar 2013 10:42:24 GMT
Connection: keep-alive
Status: 204 No Content
X-Runtime: 63
X-Request-Uuid: 2f1a272692fa4f6b9fa76043c50cfb23
Set-Cookie: rs_gbl=eNo1kM1ugkAYRd9l1pIw8w0wkHShQCmiogJV2BBmGJG0xSrgb3z34qLLm9xzFueBCmShvlUAjVDZIusxDHlCFqGUwnOEOoEsDDpgAwOlI1SXw9_URGFSQhTG-U7BWBKF60RVMAEMJmFaKcvB18l_lmkvdtAj4ed8Zx4hcbymkhG2b_ja9Ibvh3XrriPjEgagFjX-rdRY-b40yX6Xz42YQt2HHyue0fdNZQdsv8zc2WY1_UodI7_eU5FoxKtkEWHg_DNvtkdv7aSTLHbP68VKs12bO5PT4j5u90GA6_us2wrhTefJjy9iFZYESMTCw40YzlkGbbDNqHh7Jbm-khRCHPqmQ5ZOTMaezz-rtFtS; domain=.rightscale.com; path=/; HttpOnly
Cache-Control: no-cache

HTTP/1.1 204 No Content
Server: nginx/1.0.14
Date: Wed, 13 Mar 2013 10:42:24 GMT
Connection: keep-alive
Status: 204 No Content
X-Runtime: 64
X-Request-Uuid: 1c4c383400f34789acb56ed4b503f72e
Set-Cookie: rs_gbl=eNo1kM1ugkAYRd9l1pIw8w0wkHShQCmiogJV2BBmGJG0xSrgb3z34qLLm9xzFueBCmShvlUAjVDZIusxDHlCFqGUwnOEOoEsDDpgAwOlI1SXw9_URGFSQhTG-U7BWBKF60RVMAEMJmFaKcvB18l_lmkvdtAj4ed8Zx4hcbymkhG2b_ja9Ibvh3XrriPjEgagFjX-rdRY-b40yX6Xz42YQt2HHyue0fdNZQdsv8zc2WY1_UodI7_eU5FoxKtkEWHg_DNvtkdv7aSTLHbP68VKs12bO5PT4j5u90GA6_us2wrhTefJjy9iFZYESMTCw40YzlkGbbDNqHh7Jbm-khRCHPqmQ5ZOTMaezz-rtFtS; domain=.rightscale.com; path=/; HttpOnly
Cache-Control: no-cache

HTTP/1.1 204 No Content
Server: nginx/1.0.14
Date: Wed, 13 Mar 2013 10:42:24 GMT
Connection: keep-alive
Status: 204 No Content
X-Runtime: 39
X-Request-Uuid: 3a22054aa0c84c05afb35350de6ea4cc
Set-Cookie: rs_gbl=eNo1kM1ugkAYRd9l1pIw8w0wkHShQCmiogJV2BBmGJG0xSrgb3z34qLLm9xzFueBCmShvlUAjVDZIusxDHlCFqGUwnOEOoEsDDpgAwOlI1SXw9_URGFSQhTG-U7BWBKF60RVMAEMJmFaKcvB18l_lmkvdtAj4ed8Zx4hcbymkhG2b_ja9Ibvh3XrriPjEgagFjX-rdRY-b40yX6Xz42YQt2HHyue0fdNZQdsv8zc2WY1_UodI7_eU5FoxKtkEWHg_DNvtkdv7aSTLHbP68VKs12bO5PT4j5u90GA6_us2wrhTefJjy9iFZYESMTCw40YzlkGbbDNqHh7Jbm-khRCHPqmQ5ZOTMaezz-rtFtS; domain=.rightscale.com; path=/; HttpOnly
Cache-Control: no-cache

