HTTP/1.1 201 Created
Server: nginx/1.0.14
Date: Wed, 13 Mar 2013 09:48:25 GMT
Content-Type: text/html; charset=utf-8
Transfer-Encoding: chunked
Connection: keep-alive
Status: 201 Created
Location: /api/clouds/1/instances/DKPS9MKE59AA3
X-Runtime: 6682
X-Request-Uuid: 7425d81174ad423daa7dd45dc6f6ff2f
Set-Cookie: 
Cache-Control: no-cache

 HTTP/1.1 201 Created
Server: nginx/1.0.14
Date: Wed, 13 Mar 2013 09:48:31 GMT
Content-Type: text/html; charset=utf-8
Transfer-Encoding: chunked
Connection: keep-alive
Status: 201 Created
Location: /api/clouds/1/instances/2T1UQ1C3VSOH6
X-Runtime: 6183
X-Request-Uuid: ac8c9c94da994c7bbed34a6c2a1700f1
Set-Cookie: 
Cache-Control: no-cache

 