Renaming cloned Load Balancer Server
HTTP/1.1 204 No Content
Server: nginx/1.0.14
Date: Mon, 11 Mar 2013 15:43:13 GMT
Connection: keep-alive
Status: 204 No Content
X-Runtime: 113
X-Request-Uuid: d90de5fbb8c74b70acdc729a9168afab
Set-Cookie: 
Cache-Control: no-cache

Renaming cloned Application Server
HTTP/1.1 204 No Content
Server: nginx/1.0.14
Date: Mon, 11 Mar 2013 15:43:14 GMT
Connection: keep-alive
Status: 204 No Content
X-Runtime: 463
X-Request-Uuid: c66e480e3efc40a4a536acf6731315a4
Set-Cookie: 
Cache-Control: no-cache

