HTTP/1.1 201 Created
Server: nginx/1.0.14
Date: Mon, 11 Mar 2013 17:11:47 GMT
Content-Type: text/html; charset=utf-8
Transfer-Encoding: chunked
Connection: keep-alive
Status: 201 Created
Location: /api/clouds/1/ip_addresses/1SFPJ9HH48PF9
X-Runtime: 643
X-Request-Uuid: 5c5da95fd4bc400c9378532f8bb7e6ee
Set-Cookie: rs_gbl=eNo1kMlugzAABf_F51jyAsYg9ZBFmNDEZCFpw6UyYBJKVBQMWRrx7yWHHp_0Zg7zBAp4oDOQghHIDfCew9AN8IhlWbQfgTYDHqaMIoJd5IxAmQ9_pTOEGdaQK4YhxprAlBEEMaGYuoTbuc4HX6v_WRe_2EEPUrlcmKjgZeiL7qsOeFNGyqazbj8xhWX0bjwJouhukq0tf-14VqW3BUI3ZFnNIa8KH6pkvh4_hKynRygrOUXZNf5GIVtNl5G72VwcWbPVnR4klHoCt5CJSxzSqoTd7bxvijlNkDmq0yZwFmwcr9ttKMQ7O-0iAZ3z5_XDxclSqFT7_O2V5P5KorKs7n5a4DHict73f0BAWiY%3D; domain=.rightscale.com; path=/; HttpOnly
Cache-Control: no-cache

 HTTP/1.1 201 Created
Server: nginx/1.0.14
Date: Mon, 11 Mar 2013 17:11:48 GMT
Content-Type: text/html; charset=utf-8
Transfer-Encoding: chunked
Connection: keep-alive
Status: 201 Created
Location: /api/clouds/1/ip_addresses/B50R3SRMABS0D
X-Runtime: 1128
X-Request-Uuid: 7953547befe746518183b3c44b03427c
Set-Cookie: rs_gbl=eNo1kM1ugkAYRd9l1kzCNwPIkHRBUWlRLKgUddPAMAq1iPITxhrevbjo8ib3nMV5oARZqGswRQrKGmQ9xiFqZBFN0-igoJYjC6hBVQJMNRVUZOM_EVwFAwQ2EwMwgCA4NYiKgVCgjJh6JrLR14p_lsGTHfWomm5XJUAzhetGfOF8X8fF9ips5smurE3P9uWJXVpHl5-hvpv93OdNES0C3B-Wds_XvuZ7WdrG58Vrbp-DXnznOUvtvp3Qyt2rrruO0yYOcFFLnt6KiRduuO8d7gR78_JoJ30k1tGOdmHXrKR2cqaSwa9DP-i5h-PbLA-E2t2W71Vdu_uXZxL5TJJwXnWXFlkGYaY5DH-S_F2-; domain=.rightscale.com; path=/; HttpOnly
Cache-Control: no-cache

 